build/app/outputs/mapping/release/mapping.txt
# compiler: R8
# compiler_version: 1.5.64
# min_api: 18
# pg_map_id: fd0779d
...
io.flutter.plugin.editing.TextInputPlugin$InputTarget$Type -> io.flutter.plugin.editing.c$c$a:
    io.flutter.plugin.editing.TextInputPlugin$InputTarget$Type[] $VALUES -> d
    io.flutter.plugin.editing.TextInputPlugin$InputTarget$Type PLATFORM_VIEW -> c
    io.flutter.plugin.editing.TextInputPlugin$InputTarget$Type NO_TARGET -> a
    io.flutter.plugin.editing.TextInputPlugin$InputTarget$Type FRAMEWORK_CLIENT -> b
io.flutter.plugin.editing.TextInputPlugin$MinMax -> io.flutter.plugin.editing.c$d:
    void inspect(double,double) -> a
io.flutter.plugin.localization.LocalizationPlugin -> c.a.c.b.a:
    android.content.Context context -> b
    io.flutter.embedding.engine.systemchannels.LocalizationChannel localizationChannel -> a
    java.util.Locale resolveNativeLocale(java.util.List) -> a
    void sendLocalesToFlutter(android.content.res.Configuration) -> a
io.flutter.plugin.mouse.MouseCursorPlugin -> c.a.c.c.a:
    io.flutter.plugin.mouse.MouseCursorPlugin$MouseCursorViewDelegate mView -> a
    io.flutter.embedding.engine.systemchannels.MouseCursorChannel mouseCursorChannel -> b
    java.util.HashMap systemCursorConstants -> c
    android.view.PointerIcon access$000(io.flutter.plugin.mouse.MouseCursorPlugin,java.lang.String) -> a
    io.flutter.plugin.mouse.MouseCursorPlugin$MouseCursorViewDelegate access$100(io.flutter.plugin.mouse.MouseCursorPlugin) -> a
    void destroy() -> a
    android.view.PointerIcon resolveSystemCursor(java.lang.String) -> a
io.flutter.plugin.mouse.MouseCursorPlugin$1 -> c.a.c.c.a$a:
    io.flutter.plugin.mouse.MouseCursorPlugin this$0 -> a
    void activateSystemCursor(java.lang.String) -> a
io.flutter.plugin.mouse.MouseCursorPlugin$2 -> c.a.c.c.a$b:
io.flutter.plugin.mouse.MouseCursorPlugin$MouseCursorViewDelegate -> c.a.c.c.a$c:
    android.view.PointerIcon getSystemPointerIcon(int) -> a
io.flutter.plugin.platform.-$$Lambda$PlatformViewsController$1$i4ojtb0pOVFKsQcwzERs83K3E8M -> io.flutter.plugin.platform.a:
    io.flutter.embedding.engine.systemchannels.PlatformViewsChannel$PlatformViewCreationRequest f$1 -> b
    io.flutter.plugin.platform.PlatformViewsController$1 f$0 -> a
io.flutter.plugin.platform.-$$Lambda$PlatformViewsController$LCdG-lczcEGgq9dnX04hdHKRzsE -> io.flutter.plugin.platform.b:
    io.flutter.plugin.platform.PlatformViewsController f$0 -> a
io.flutter.plugin.platform.AccessibilityEventsDelegate -> io.flutter.plugin.platform.c:
    io.flutter.view.AccessibilityBridge accessibilityBridge -> a
    boolean requestSendAccessibilityEvent(android.view.View,android.view.View,android.view.accessibility.AccessibilityEvent) -> a
    void setAccessibilityBridge(io.flutter.view.AccessibilityBridge) -> a